================= Record Order ===================

Order number : 1
+------ Menu ------+-- Qty --+-- Price --+
|  Pizza           |     1   |     250.0 |
|  Chicken         |     2   |     240.0 |
+----------------------------------------+
|  Total                     |     490.0 |
|  Pay :                     |    1000.0 |
|                            |           |
|  Change :                  |     510.0 |
+----------------------------------------+

Order number : 2
+------ Menu ------+-- Qty --+-- Price --+
|  Pizza           |     1   |     250.0 |
|  Chicken         |     2   |     240.0 |
|  Tom Yum Kung    |     3   |     270.0 |
|  Fried Rice      |     4   |     320.0 |
|  Coke            |     5   |     225.0 |
|  Water           |     6   |      90.0 |
|  Rice            |     7   |      70.0 |
+----------------------------------------+
|  Total                     |    1465.0 |
|  Pay :                     |    2000.0 |
|                            |           |
|  Change :                  |     535.0 |
+----------------------------------------+

Order number : 3
+------ Menu ------+-- Qty --+-- Price --+
|  Coke            |     5   |     225.0 |
|  Rice            |     7   |      70.0 |
+----------------------------------------+
|  Total                     |     295.0 |
|  Pay :                     |     300.0 |
|                            |           |
|  Change :                  |       5.0 |
+----------------------------------------+

Order number : 4
+------ Menu ------+-- Qty --+-- Price --+
|  Coke            |     5   |     225.0 |
+----------------------------------------+
|  Total                     |     225.0 |
|  Pay :                     |     952.0 |
|                            |           |
|  Change :                  |     727.0 |
+----------------------------------------+

Order number : 5
+------ Menu ------+-- Qty --+-- Price --+
|  Pizza           |     1   |     250.0 |
|  Chicken         |     2   |     240.0 |
+----------------------------------------+
|  Total                     |     490.0 |
|  Pay :                     |    1000.0 |
|                            |           |
|  Change :                  |     510.0 |
+----------------------------------------+

Order number : 6
+------ Menu ------+-- Qty --+-- Price --+
|  Pizza           |     1   |     250.0 |
|  Chicken         |     2   |     240.0 |
|  Tom Yum Kung    |     3   |     270.0 |
|  Fried Rice      |     4   |     320.0 |
|  Coke            |     5   |     225.0 |
|  Water           |     6   |      90.0 |
|  Rice            |     7   |      70.0 |
+----------------------------------------+
|  Total                     |    1465.0 |
|  Pay :                     |   100000.0 |
|                            |           |
|  Change :                  |   98535.0 |
+----------------------------------------+

Order number : 7
+------ Menu ------+-- Qty --+-- Price --+
|  Pizza           |     2   |     500.0 |
|  Chicken         |     2   |     240.0 |
|  Tom Yum Kung    |     3   |     270.0 |
|  Fried Rice      |     4   |     320.0 |
|  Coke            |     5   |     225.0 |
|  Water           |     6   |      90.0 |
+----------------------------------------+
|  Total                     |    1645.0 |
|  Pay :                     |   10000.0 |
|                            |           |
|  Change :                  |    8355.0 |
+----------------------------------------+

Order number : 8
+------ Menu ------+-- Qty --+-- Price --+
|  Pizza           |     1   |     250.0 |
|  Chicken         |     2   |     240.0 |
|  Tom Yum Kung    |     3   |     270.0 |
|  Fried Rice      |     4   |     320.0 |
|  Coke            |   105   |    4725.0 |
+----------------------------------------+
|  Total                     |    5805.0 |
|  Pay :                     |   10000.0 |
|                            |           |
|  Change :                  |    4195.0 |
+----------------------------------------+

Order number : 9
+------ Menu ------+-- Qty --+-- Price --+
|  Pizza           |     1   |     250.0 |
|  Chicken         |     2   |     240.0 |
|  Tom Yum Kung    |     3   |     270.0 |
+----------------------------------------+
|  Total                     |     760.0 |
|  Pay :                     |    1000.0 |
|                            |           |
|  Change :                  |     240.0 |
+----------------------------------------+

Order number : 10
+------ Menu ------+-- Qty --+-- Price --+
|  Chicken         |     1   |     250.0 |
|  Tom Yum Kung    |     2   |     240.0 |
|  Fried Rice      |     3   |     270.0 |
|  Coke            |     4   |     320.0 |
|  Water           |     5   |     225.0 |
+----------------------------------------+
|  Total                     |    1305.0 |
|  Pay :                     |   10000.0 |
|                            |           |
|  Change :                  |    8695.0 |
+----------------------------------------+

Order number : 11
+------ Menu ------+-- Qty --+-- Price --+
+----------------------------------------+
|  Total                     |       0.0 |
|  Pay :                     |      10.0 |
|                            |           |
|  Change :                  |      10.0 |
+----------------------------------------+

Order number : 12
+------ Menu ------+-- Qty --+-- Price --+
|  Pizza           |     1   |     250.0 |
|  Chicken         |     2   |     240.0 |
|  Tom Yum Kung    |     3   |     270.0 |
|  Fried Rice      |     4   |     320.0 |
|  Coke            |     5   |     225.0 |
|  Water           |     6   |      90.0 |
|  Rice            |     7   |      70.0 |
+----------------------------------------+
|  Total                     |    1465.0 |
|  Pay :                     |    1500.0 |
|                            |           |
|  Change :                  |      35.0 |
+----------------------------------------+

Order number : 13
+------ Menu ------+-- Qty --+-- Price --+
|  Chicken         |     2   |     240.0 |
+----------------------------------------+
|  Total                     |     240.0 |
|  Pay :                     |    1000.0 |
|                            |           |
|  Change :                  |     760.0 |
+----------------------------------------+

Order number : 14
+------ Menu ------+-- Qty --+-- Price --+
|  Coke            |     5   |     225.0 |
|  Water           |     6   |      90.0 |
+----------------------------------------+
|  Total                     |     315.0 |
|  Pay :                     |     315.0 |
|                            |           |
|  Change :                  |       0.0 |
+----------------------------------------+

Order number : 15
+------ Menu ------+-- Qty --+-- Price --+
|  Pizza           |     1   |     250.0 |
|  Chicken         |     2   |     240.0 |
|  Tom Yum Kung    |     3   |     270.0 |
|  Fried Rice      |     4   |     320.0 |
|  Coke            |     5   |     225.0 |
|  Water           |     6   |      90.0 |
+----------------------------------------+
|  Total                     |    1395.0 |
|  Pay :                     |    2000.0 |
|                            |           |
|  Change :                  |     605.0 |
+----------------------------------------+

Order number : 16
+------ Menu ------+-- Qty --+-- Price --+
|  Chicken         |     2   |     240.0 |
+----------------------------------------+
|  Total                     |     240.0 |
|  Pay :                     |   10000.0 |
|                            |           |
|  Change :                  |    9760.0 |
+----------------------------------------+

Order number : 17
+------ Menu ------+-- Qty --+-- Price --+
|  Pizza           |     1   |     250.0 |
|  Chicken         |     2   |     240.0 |
|  Tom Yum Kung    |     3   |     270.0 |
|  Fried Rice      |     4   |     320.0 |
|  Coke            |     5   |     225.0 |
|  Water           |     6   |      90.0 |
|  Rice            |     7   |      70.0 |
+----------------------------------------+
|  Total                     |    1465.0 |
|  Pay :                     |    2000.0 |
|                            |           |
|  Change :                  |     535.0 |
+----------------------------------------+

Order number : 18
+------ Menu ------+-- Qty --+-- Price --+
|  Pizza           |     1   |     250.0 |
|  Chicken         |     2   |     240.0 |
|  Tom Yum Kung    |     3   |     270.0 |
+----------------------------------------+
|  Total                     |     760.0 |
|  Pay :                     |   10000.0 |
|                            |           |
|  Change :                  |    9240.0 |
+----------------------------------------+

Order number : 19
+------ Menu ------+-- Qty --+-- Price --+
|  Chicken         |     2   |     240.0 |
+----------------------------------------+
|  Total                     |     240.0 |
|  Pay :                     |     300.0 |
|                            |           |
|  Change :                  |      60.0 |
+----------------------------------------+

Order number : 20
+------ Menu ------+-- Qty --+-- Price --+
|  Pizza           |     1   |     250.0 |
|  Chicken         |     2   |     240.0 |
|  Tom Yum Kung    |     3   |     270.0 |
+----------------------------------------+
|  Total                     |     760.0 |
|  Pay :                     |    1000.0 |
|                            |           |
|  Change :                  |     240.0 |
+----------------------------------------+

Order number : 21
+------ Menu ------+-- Qty --+-- Price --+
|  Pizza           |     1   |     250.0 |
|  Chicken         |     2   |     240.0 |
|  Tom Yum Kung    |     3   |     270.0 |
|  Water           |     6   |      90.0 |
+----------------------------------------+
|  Total                     |     850.0 |
|  Pay :                     |    1000.0 |
|                            |           |
|  Change :                  |     150.0 |
+----------------------------------------+

Order number : 22
+------ Menu ------+-- Qty --+-- Price --+
|  Pizza           |     1   |     250.0 |
+----------------------------------------+
|  Total                     |     250.0 |
|  Pay :                     |   10000.0 |
|                            |           |
|  Change :                  |    9750.0 |
+----------------------------------------+

Order number : 23
+------ Menu ------+-- Qty --+-- Price --+
|  Pizza           |     1   |     250.0 |
+----------------------------------------+
|  Total                     |     250.0 |
|  Pay :                     |     300.0 |
|                            |           |
|  Change :                  |      50.0 |
+----------------------------------------+

Order number : 24
+------ Menu ------+-- Qty --+-- Price --+
|  Pizza           |     1   |     250.0 |
|  Chicken         |     2   |     240.0 |
|  Tom Yum Kung    |     3   |     270.0 |
+----------------------------------------+
|  Total                     |     760.0 |
|  Pay :                     |     800.0 |
|                            |           |
|  Change :                  |      40.0 |
+----------------------------------------+

Order number : 25
Date : 2560/11/04 , Time : 22:19:05
+------ Menu ------+-- Qty --+-- Price --+
|  Pizza           |     1   |     250.0 |
|  Chicken         |     2   |     240.0 |
|  Tom Yum Kung    |     3   |     270.0 |
+----------------------------------------+
|  Total                     |     760.0 |
|  Pay :                     |     760.0 |
|                            |           |
|  Change :                  |       0.0 |
+----------------------------------------+

Order number : 26
Date : 2560/11/04 , Time : 22:20:09
+------ Menu ------+-- Qty --+-- Price --+
|  Chicken         |     2   |     240.0 |
|  Tom Yum Kung    |     3   |     270.0 |
+----------------------------------------+
|  Total                     |     510.0 |
|  Pay :                     |    2000.0 |
|                            |           |
|  Change :                  |    1490.0 |
+----------------------------------------+
